2024-02-22 09:14:32.633 [main]            INFO  o.s.t.c.s.AnnotationConfigContextLoaderUtils - Could not detect default configuration classes for test class [com.amsort.processSim.process.ProcessApplicationTests]: ProcessApplicationTests does not declare any static, non-private, non-final, nested classes annotated with @Configuration.
2024-02-22 09:14:32.809 [main]            INFO  o.s.b.t.c.SpringBootTestContextBootstrapper - Found @SpringBootConfiguration com.amsort.processSim.process.ProcessApplication for test class com.amsort.processSim.process.ProcessApplicationTests
2024-02-22 09:14:33.273 [main]            INFO  c.a.p.p.ProcessApplicationTests - Starting ProcessApplicationTests using Java 17.0.9 with PID 30528 (started by JakubKusza in C:\workData\projects\work\java\projekty\processSim\process)
2024-02-22 09:14:33.274 [main]            INFO  c.a.p.p.ProcessApplicationTests - No active profile set, falling back to 1 default profile: "default"
2024-02-22 09:14:34.991 [main]            INFO  c.a.p.p.m.b.BaseCommunicationPoint - Subscribed - SK1
2024-02-22 09:14:34.996 [main]            INFO  c.a.p.p.m.b.BaseCommunicationPoint - Subscribed - SK2
2024-02-22 09:14:34.997 [main]            INFO  c.a.p.p.m.b.BaseCommunicationPoint - Subscribed - SK3
2024-02-22 09:14:34.998 [main]            INFO  c.a.p.p.m.b.BaseCommunicationPoint - Subscribed - Out4
2024-02-22 09:14:34.998 [main]            INFO  c.a.p.p.m.b.BaseCommunicationPoint - Subscribed - Out5
2024-02-22 09:14:34.999 [main]            INFO  c.a.p.p.m.b.BaseCommunicationPoint - Subscribed - Out6
2024-02-22 09:14:35.000 [main]            INFO  c.a.p.p.m.b.BaseCommunicationPoint - Subscribed - Out7
2024-02-22 09:14:35.001 [main]            INFO  c.a.p.process.processSim.Process - unit: unit | BC:BC0AC0
2024-02-22 09:14:35.002 [main]            INFO  c.a.p.process.processSim.Process - unit: unit | BC:BC100AC2
2024-02-22 09:14:35.002 [main]            INFO  c.a.p.process.processSim.Process - unit: unit | BC:BC200AC4
2024-02-22 09:14:35.002 [main]            INFO  c.a.p.process.processSim.Process - unit: unit | BC:BC300AC6
2024-02-22 09:14:35.002 [main]            INFO  c.a.p.process.processSim.Process - unit: unit | BC:BC400AC8
2024-02-22 09:14:35.002 [main]            INFO  c.a.p.process.processSim.Process - unit: unit | BC:BC500AC10
2024-02-22 09:14:35.002 [main]            INFO  c.a.p.process.processSim.Process - unit: unit | BC:BC600AC12
2024-02-22 09:14:35.002 [main]            INFO  c.a.p.process.processSim.Process - unit: unit | BC:BC700AC14
2024-02-22 09:14:35.002 [main]            INFO  c.a.p.process.processSim.Process - unit: unit | BC:BC800AC16
2024-02-22 09:14:35.003 [main]            INFO  c.a.p.process.processSim.Process - unit: unit | BC:BC900AC18
2024-02-22 09:14:35.003 [main]            INFO  c.a.p.process.processSim.Process - unit: unit | BC:BC1000AC20
2024-02-22 09:14:35.003 [main]            INFO  c.a.p.process.processSim.Process - unit: unit | BC:BC1100AC22
2024-02-22 09:14:35.003 [main]            INFO  c.a.p.process.processSim.Process - unit: unit | BC:BC1200AC24
2024-02-22 09:14:35.003 [main]            INFO  c.a.p.process.processSim.Process - unit: unit | BC:BC1300AC26
2024-02-22 09:14:35.003 [main]            INFO  c.a.p.process.processSim.Process - unit: unit | BC:BC1400AC28
2024-02-22 09:14:35.003 [main]            INFO  c.a.p.process.processSim.Process - unit: unit | BC:BC1500AC30
2024-02-22 09:14:35.003 [main]            INFO  c.a.p.process.processSim.Process - unit: unit | BC:BC1600AC32
2024-02-22 09:14:35.003 [main]            INFO  c.a.p.process.processSim.Process - unit: unit | BC:BC1700AC34
2024-02-22 09:14:35.003 [main]            INFO  c.a.p.process.processSim.Process - unit: unit | BC:BC1800AC36
2024-02-22 09:14:35.003 [main]            INFO  c.a.p.process.processSim.Process - unit: unit | BC:BC1900AC38
2024-02-22 09:14:35.003 [main]            INFO  c.a.p.process.processSim.Process - unit: unit | BC:BC2000AC40
2024-02-22 09:14:35.004 [main]            INFO  c.a.p.process.processSim.Process - unit: unit | BC:BC2100AC42
2024-02-22 09:14:35.004 [main]            INFO  c.a.p.process.processSim.Process - unit: unit | BC:BC2200AC44
2024-02-22 09:14:35.004 [main]            INFO  c.a.p.process.processSim.Process - unit: unit | BC:BC2300AC46
2024-02-22 09:14:35.004 [main]            INFO  c.a.p.process.processSim.Process - unit: unit | BC:BC2400AC48
2024-02-22 09:14:35.004 [main]            INFO  c.a.p.process.processSim.Process - unit: unit | BC:BC2500AC50
2024-02-22 09:14:35.004 [main]            INFO  c.a.p.process.processSim.Process - unit: unit | BC:BC2600AC52
2024-02-22 09:14:35.004 [main]            INFO  c.a.p.process.processSim.Process - unit: unit | BC:BC2700AC54
2024-02-22 09:14:35.004 [main]            INFO  c.a.p.process.processSim.Process - unit: unit | BC:BC2800AC56
2024-02-22 09:14:35.004 [main]            INFO  c.a.p.process.processSim.Process - unit: unit | BC:BC2900AC58
2024-02-22 09:14:35.004 [main]            INFO  c.a.p.process.processSim.Process - unit: unit | BC:BC3000AC60
2024-02-22 09:14:35.004 [main]            INFO  c.a.p.process.processSim.Process - unit: unit | BC:BC3100AC62
2024-02-22 09:14:35.006 [main]            INFO  c.a.p.process.processSim.Process - unit: unit | BC:BC3200AC64
2024-02-22 09:14:35.006 [main]            INFO  c.a.p.process.processSim.Process - unit: unit | BC:BC3300AC66
2024-02-22 09:14:35.006 [main]            INFO  c.a.p.process.processSim.Process - unit: unit | BC:BC3400AC68
2024-02-22 09:14:35.006 [main]            INFO  c.a.p.process.processSim.Process - unit: unit | BC:BC3500AC70
2024-02-22 09:14:35.006 [main]            INFO  c.a.p.process.processSim.Process - unit: unit | BC:BC3600AC72
2024-02-22 09:14:35.006 [main]            INFO  c.a.p.process.processSim.Process - unit: unit | BC:BC3700AC74
2024-02-22 09:14:35.006 [main]            INFO  c.a.p.process.processSim.Process - unit: unit | BC:BC3800AC76
2024-02-22 09:14:35.006 [main]            INFO  c.a.p.process.processSim.Process - unit: unit | BC:BC3900AC78
2024-02-22 09:14:35.006 [main]            INFO  c.a.p.p.c.GeneralController - Controller up
2024-02-22 09:14:35.390 [main]            INFO  o.s.b.a.e.w.EndpointLinksResolver - Exposing 1 endpoint(s) beneath base path '/actuator'
2024-02-22 09:14:35.696 [main]            INFO  c.a.p.p.ProcessApplicationTests - Started ProcessApplicationTests in 2.661 seconds (process running for 4.292)
2024-02-22 13:17:14.286 [main]            INFO  o.s.t.c.s.AnnotationConfigContextLoaderUtils - Could not detect default configuration classes for test class [com.amsort.processSim.process.ProcessApplicationTests]: ProcessApplicationTests does not declare any static, non-private, non-final, nested classes annotated with @Configuration.
2024-02-22 13:17:14.423 [main]            INFO  o.s.b.t.c.SpringBootTestContextBootstrapper - Found @SpringBootConfiguration com.amsort.processSim.process.ProcessApplication for test class com.amsort.processSim.process.ProcessApplicationTests
2024-02-22 13:17:14.822 [main]            INFO  c.a.p.p.ProcessApplicationTests - Starting ProcessApplicationTests using Java 17.0.9 with PID 28320 (started by JakubKusza in C:\workData\projects\work\java\projekty\processSim\process)
2024-02-22 13:17:14.823 [main]            INFO  c.a.p.p.ProcessApplicationTests - No active profile set, falling back to 1 default profile: "default"
2024-02-22 13:17:16.369 [main]            INFO  c.a.p.p.c.GeneralController - Controller up
2024-02-22 13:17:16.760 [main]            INFO  o.s.b.a.e.w.EndpointLinksResolver - Exposing 1 endpoint(s) beneath base path '/actuator'
2024-02-22 13:17:17.113 [main]            INFO  c.a.p.p.ProcessApplicationTests - Started ProcessApplicationTests in 2.502 seconds (process running for 3.676)
2024-02-22 13:18:44.877 [main]            INFO  o.s.t.c.s.AnnotationConfigContextLoaderUtils - Could not detect default configuration classes for test class [com.amsort.processSim.process.ProcessApplicationTests]: ProcessApplicationTests does not declare any static, non-private, non-final, nested classes annotated with @Configuration.
2024-02-22 13:18:45.167 [main]            INFO  o.s.b.t.c.SpringBootTestContextBootstrapper - Found @SpringBootConfiguration com.amsort.processSim.process.ProcessApplication for test class com.amsort.processSim.process.ProcessApplicationTests
2024-02-22 13:18:45.897 [main]            INFO  c.a.p.p.ProcessApplicationTests - Starting ProcessApplicationTests using Java 17.0.9 with PID 21920 (started by JakubKusza in C:\workData\projects\work\java\projekty\processSim\process)
2024-02-22 13:18:45.898 [main]            INFO  c.a.p.p.ProcessApplicationTests - No active profile set, falling back to 1 default profile: "default"
2024-02-22 13:18:47.279 [main]            INFO  c.a.p.p.c.GeneralController - Controller up
2024-02-22 13:18:47.638 [main]            INFO  o.s.b.a.e.w.EndpointLinksResolver - Exposing 1 endpoint(s) beneath base path '/actuator'
2024-02-22 13:18:48.181 [main]            INFO  c.a.p.p.ProcessApplicationTests - Started ProcessApplicationTests in 2.76 seconds (process running for 4.192)
2024-02-22 13:24:07.724 [main]            INFO  o.s.t.c.s.AnnotationConfigContextLoaderUtils - Could not detect default configuration classes for test class [com.amsort.processSim.process.ProcessApplicationTests]: ProcessApplicationTests does not declare any static, non-private, non-final, nested classes annotated with @Configuration.
2024-02-22 13:24:07.857 [main]            INFO  o.s.b.t.c.SpringBootTestContextBootstrapper - Found @SpringBootConfiguration com.amsort.processSim.process.ProcessApplication for test class com.amsort.processSim.process.ProcessApplicationTests
2024-02-22 13:24:08.327 [main]            INFO  c.a.p.p.ProcessApplicationTests - Starting ProcessApplicationTests using Java 17.0.9 with PID 15936 (started by JakubKusza in C:\workData\projects\work\java\projekty\processSim\process)
2024-02-22 13:24:08.328 [main]            INFO  c.a.p.p.ProcessApplicationTests - No active profile set, falling back to 1 default profile: "default"
2024-02-22 13:24:09.662 [main]            INFO  c.a.p.p.c.GeneralController - Controller up
2024-02-22 13:24:10.290 [main]            INFO  o.s.b.a.e.w.EndpointLinksResolver - Exposing 1 endpoint(s) beneath base path '/actuator'
2024-02-22 13:24:10.843 [main]            INFO  c.a.p.p.ProcessApplicationTests - Started ProcessApplicationTests in 2.77 seconds (process running for 3.967)
2024-02-22 13:29:42.624 [main]            INFO  o.s.t.c.s.AnnotationConfigContextLoaderUtils - Could not detect default configuration classes for test class [com.amsort.processSim.process.ProcessApplicationTests]: ProcessApplicationTests does not declare any static, non-private, non-final, nested classes annotated with @Configuration.
2024-02-22 13:29:42.788 [main]            INFO  o.s.b.t.c.SpringBootTestContextBootstrapper - Found @SpringBootConfiguration com.amsort.processSim.process.ProcessApplication for test class com.amsort.processSim.process.ProcessApplicationTests
2024-02-22 13:29:43.266 [main]            INFO  c.a.p.p.ProcessApplicationTests - Starting ProcessApplicationTests using Java 17.0.9 with PID 28020 (started by JakubKusza in C:\workData\projects\work\java\projekty\processSim\process)
2024-02-22 13:29:43.267 [main]            INFO  c.a.p.p.ProcessApplicationTests - No active profile set, falling back to 1 default profile: "default"
2024-02-22 13:29:44.837 [main]            INFO  c.a.p.p.c.GeneralController - Controller up
2024-02-22 13:29:45.232 [main]            INFO  o.s.b.a.e.w.EndpointLinksResolver - Exposing 1 endpoint(s) beneath base path '/actuator'
2024-02-22 13:29:45.652 [main]            INFO  c.a.p.p.ProcessApplicationTests - Started ProcessApplicationTests in 2.655 seconds (process running for 3.968)
2024-02-22 13:32:21.434 [main]            INFO  o.s.t.c.s.AnnotationConfigContextLoaderUtils - Could not detect default configuration classes for test class [com.amsort.processSim.process.ProcessApplicationTests]: ProcessApplicationTests does not declare any static, non-private, non-final, nested classes annotated with @Configuration.
2024-02-22 13:32:21.581 [main]            INFO  o.s.b.t.c.SpringBootTestContextBootstrapper - Found @SpringBootConfiguration com.amsort.processSim.process.ProcessApplication for test class com.amsort.processSim.process.ProcessApplicationTests
2024-02-22 13:32:21.981 [main]            INFO  c.a.p.p.ProcessApplicationTests - Starting ProcessApplicationTests using Java 17.0.9 with PID 3724 (started by JakubKusza in C:\workData\projects\work\java\projekty\processSim\process)
2024-02-22 13:32:21.984 [main]            INFO  c.a.p.p.ProcessApplicationTests - No active profile set, falling back to 1 default profile: "default"
2024-02-22 13:32:23.343 [main]            INFO  c.a.p.p.c.GeneralController - Controller up
2024-02-22 13:32:23.721 [main]            INFO  o.s.b.a.e.w.EndpointLinksResolver - Exposing 1 endpoint(s) beneath base path '/actuator'
2024-02-22 13:32:24.128 [main]            INFO  c.a.p.p.ProcessApplicationTests - Started ProcessApplicationTests in 2.354 seconds (process running for 3.58)
2024-02-22 13:34:58.106 [main]            INFO  o.s.t.c.s.AnnotationConfigContextLoaderUtils - Could not detect default configuration classes for test class [com.amsort.processSim.process.ProcessApplicationTests]: ProcessApplicationTests does not declare any static, non-private, non-final, nested classes annotated with @Configuration.
2024-02-22 13:34:58.241 [main]            INFO  o.s.b.t.c.SpringBootTestContextBootstrapper - Found @SpringBootConfiguration com.amsort.processSim.process.ProcessApplication for test class com.amsort.processSim.process.ProcessApplicationTests
2024-02-22 13:34:58.685 [main]            INFO  c.a.p.p.ProcessApplicationTests - Starting ProcessApplicationTests using Java 17.0.9 with PID 23020 (started by JakubKusza in C:\workData\projects\work\java\projekty\processSim\process)
2024-02-22 13:34:58.686 [main]            INFO  c.a.p.p.ProcessApplicationTests - No active profile set, falling back to 1 default profile: "default"
2024-02-22 13:35:00.029 [main]            INFO  c.a.p.process.processSim.Process - unit: unit | BC:BC0AC0
2024-02-22 13:35:00.031 [main]            INFO  c.a.p.process.processSim.Process - unit: unit | BC:BC100AC2
2024-02-22 13:35:00.031 [main]            INFO  c.a.p.process.processSim.Process - unit: unit | BC:BC200AC4
2024-02-22 13:35:00.031 [main]            INFO  c.a.p.process.processSim.Process - unit: unit | BC:BC300AC6
2024-02-22 13:35:00.031 [main]            INFO  c.a.p.process.processSim.Process - unit: unit | BC:BC400AC8
2024-02-22 13:35:00.031 [main]            INFO  c.a.p.process.processSim.Process - unit: unit | BC:BC500AC10
2024-02-22 13:35:00.031 [main]            INFO  c.a.p.process.processSim.Process - unit: unit | BC:BC600AC12
2024-02-22 13:35:00.031 [main]            INFO  c.a.p.process.processSim.Process - unit: unit | BC:BC700AC14
2024-02-22 13:35:00.031 [main]            INFO  c.a.p.process.processSim.Process - unit: unit | BC:BC800AC16
2024-02-22 13:35:00.031 [main]            INFO  c.a.p.process.processSim.Process - unit: unit | BC:BC900AC18
2024-02-22 13:35:00.032 [main]            INFO  c.a.p.process.processSim.Process - unit: unit | BC:BC1000AC20
2024-02-22 13:35:00.032 [main]            INFO  c.a.p.process.processSim.Process - unit: unit | BC:BC1100AC22
2024-02-22 13:35:00.032 [main]            INFO  c.a.p.process.processSim.Process - unit: unit | BC:BC1200AC24
2024-02-22 13:35:00.032 [main]            INFO  c.a.p.process.processSim.Process - unit: unit | BC:BC1300AC26
2024-02-22 13:35:00.032 [main]            INFO  c.a.p.process.processSim.Process - unit: unit | BC:BC1400AC28
2024-02-22 13:35:00.032 [main]            INFO  c.a.p.process.processSim.Process - unit: unit | BC:BC1500AC30
2024-02-22 13:35:00.032 [main]            INFO  c.a.p.process.processSim.Process - unit: unit | BC:BC1600AC32
2024-02-22 13:35:00.032 [main]            INFO  c.a.p.process.processSim.Process - unit: unit | BC:BC1700AC34
2024-02-22 13:35:00.032 [main]            INFO  c.a.p.process.processSim.Process - unit: unit | BC:BC1800AC36
2024-02-22 13:35:00.032 [main]            INFO  c.a.p.process.processSim.Process - unit: unit | BC:BC1900AC38
2024-02-22 13:35:00.032 [main]            INFO  c.a.p.process.processSim.Process - unit: unit | BC:BC2000AC40
2024-02-22 13:35:00.032 [main]            INFO  c.a.p.process.processSim.Process - unit: unit | BC:BC2100AC42
2024-02-22 13:35:00.033 [main]            INFO  c.a.p.process.processSim.Process - unit: unit | BC:BC2200AC44
2024-02-22 13:35:00.033 [main]            INFO  c.a.p.process.processSim.Process - unit: unit | BC:BC2300AC46
2024-02-22 13:35:00.033 [main]            INFO  c.a.p.process.processSim.Process - unit: unit | BC:BC2400AC48
2024-02-22 13:35:00.033 [main]            INFO  c.a.p.process.processSim.Process - unit: unit | BC:BC2500AC50
2024-02-22 13:35:00.033 [main]            INFO  c.a.p.process.processSim.Process - unit: unit | BC:BC2600AC52
2024-02-22 13:35:00.033 [main]            INFO  c.a.p.process.processSim.Process - unit: unit | BC:BC2700AC54
2024-02-22 13:35:00.033 [main]            INFO  c.a.p.process.processSim.Process - unit: unit | BC:BC2800AC56
2024-02-22 13:35:00.033 [main]            INFO  c.a.p.process.processSim.Process - unit: unit | BC:BC2900AC58
2024-02-22 13:35:00.033 [main]            INFO  c.a.p.process.processSim.Process - unit: unit | BC:BC3000AC60
2024-02-22 13:35:00.033 [main]            INFO  c.a.p.process.processSim.Process - unit: unit | BC:BC3100AC62
2024-02-22 13:35:00.033 [main]            INFO  c.a.p.process.processSim.Process - unit: unit | BC:BC3200AC64
2024-02-22 13:35:00.033 [main]            INFO  c.a.p.process.processSim.Process - unit: unit | BC:BC3300AC66
2024-02-22 13:35:00.034 [main]            INFO  c.a.p.process.processSim.Process - unit: unit | BC:BC3400AC68
2024-02-22 13:35:00.034 [main]            INFO  c.a.p.process.processSim.Process - unit: unit | BC:BC3500AC70
2024-02-22 13:35:00.034 [main]            INFO  c.a.p.process.processSim.Process - unit: unit | BC:BC3600AC72
2024-02-22 13:35:00.034 [main]            INFO  c.a.p.process.processSim.Process - unit: unit | BC:BC3700AC74
2024-02-22 13:35:00.034 [main]            INFO  c.a.p.process.processSim.Process - unit: unit | BC:BC3800AC76
2024-02-22 13:35:00.034 [main]            INFO  c.a.p.process.processSim.Process - unit: unit | BC:BC3900AC78
2024-02-22 13:35:00.034 [main]            INFO  c.a.p.p.c.GeneralController - Controller up
2024-02-22 13:35:00.423 [main]            INFO  o.s.b.a.e.w.EndpointLinksResolver - Exposing 1 endpoint(s) beneath base path '/actuator'
2024-02-22 13:35:00.791 [main]            INFO  c.a.p.p.ProcessApplicationTests - Started ProcessApplicationTests in 2.349 seconds (process running for 3.53)
2024-02-22 14:08:56.496 [main]            INFO  o.s.t.c.s.AnnotationConfigContextLoaderUtils - Could not detect default configuration classes for test class [com.amsort.processSim.process.ProcessApplicationTests]: ProcessApplicationTests does not declare any static, non-private, non-final, nested classes annotated with @Configuration.
2024-02-22 14:08:56.651 [main]            INFO  o.s.b.t.c.SpringBootTestContextBootstrapper - Found @SpringBootConfiguration com.amsort.processSim.process.ProcessApplication for test class com.amsort.processSim.process.ProcessApplicationTests
2024-02-22 14:08:57.037 [main]            INFO  c.a.p.p.ProcessApplicationTests - Starting ProcessApplicationTests using Java 17.0.9 with PID 28384 (started by JakubKusza in C:\workData\projects\work\java\projekty\processSim\process)
2024-02-22 14:08:57.038 [main]            INFO  c.a.p.p.ProcessApplicationTests - No active profile set, falling back to 1 default profile: "default"
2024-02-22 14:08:58.451 [main]            INFO  c.a.p.process.processSim.Process - unit: unit | BC:BC0AC0
2024-02-22 14:08:58.452 [main]            INFO  c.a.p.process.processSim.Process - unit: unit | BC:BC100AC2
2024-02-22 14:08:58.452 [main]            INFO  c.a.p.process.processSim.Process - unit: unit | BC:BC200AC4
2024-02-22 14:08:58.452 [main]            INFO  c.a.p.process.processSim.Process - unit: unit | BC:BC300AC6
2024-02-22 14:08:58.452 [main]            INFO  c.a.p.process.processSim.Process - unit: unit | BC:BC400AC8
2024-02-22 14:08:58.452 [main]            INFO  c.a.p.process.processSim.Process - unit: unit | BC:BC500AC10
2024-02-22 14:08:58.452 [main]            INFO  c.a.p.process.processSim.Process - unit: unit | BC:BC600AC12
2024-02-22 14:08:58.453 [main]            INFO  c.a.p.process.processSim.Process - unit: unit | BC:BC700AC14
2024-02-22 14:08:58.453 [main]            INFO  c.a.p.process.processSim.Process - unit: unit | BC:BC800AC16
2024-02-22 14:08:58.453 [main]            INFO  c.a.p.process.processSim.Process - unit: unit | BC:BC900AC18
2024-02-22 14:08:58.453 [main]            INFO  c.a.p.process.processSim.Process - unit: unit | BC:BC1000AC20
2024-02-22 14:08:58.453 [main]            INFO  c.a.p.process.processSim.Process - unit: unit | BC:BC1100AC22
2024-02-22 14:08:58.453 [main]            INFO  c.a.p.process.processSim.Process - unit: unit | BC:BC1200AC24
2024-02-22 14:08:58.453 [main]            INFO  c.a.p.process.processSim.Process - unit: unit | BC:BC1300AC26
2024-02-22 14:08:58.453 [main]            INFO  c.a.p.process.processSim.Process - unit: unit | BC:BC1400AC28
2024-02-22 14:08:58.453 [main]            INFO  c.a.p.process.processSim.Process - unit: unit | BC:BC1500AC30
2024-02-22 14:08:58.453 [main]            INFO  c.a.p.process.processSim.Process - unit: unit | BC:BC1600AC32
2024-02-22 14:08:58.454 [main]            INFO  c.a.p.process.processSim.Process - unit: unit | BC:BC1700AC34
2024-02-22 14:08:58.454 [main]            INFO  c.a.p.process.processSim.Process - unit: unit | BC:BC1800AC36
2024-02-22 14:08:58.454 [main]            INFO  c.a.p.process.processSim.Process - unit: unit | BC:BC1900AC38
2024-02-22 14:08:58.454 [main]            INFO  c.a.p.process.processSim.Process - unit: unit | BC:BC2000AC40
2024-02-22 14:08:58.454 [main]            INFO  c.a.p.process.processSim.Process - unit: unit | BC:BC2100AC42
2024-02-22 14:08:58.454 [main]            INFO  c.a.p.process.processSim.Process - unit: unit | BC:BC2200AC44
2024-02-22 14:08:58.454 [main]            INFO  c.a.p.process.processSim.Process - unit: unit | BC:BC2300AC46
2024-02-22 14:08:58.454 [main]            INFO  c.a.p.process.processSim.Process - unit: unit | BC:BC2400AC48
2024-02-22 14:08:58.454 [main]            INFO  c.a.p.process.processSim.Process - unit: unit | BC:BC2500AC50
2024-02-22 14:08:58.454 [main]            INFO  c.a.p.process.processSim.Process - unit: unit | BC:BC2600AC52
2024-02-22 14:08:58.454 [main]            INFO  c.a.p.process.processSim.Process - unit: unit | BC:BC2700AC54
2024-02-22 14:08:58.454 [main]            INFO  c.a.p.process.processSim.Process - unit: unit | BC:BC2800AC56
2024-02-22 14:08:58.454 [main]            INFO  c.a.p.process.processSim.Process - unit: unit | BC:BC2900AC58
2024-02-22 14:08:58.456 [main]            INFO  c.a.p.process.processSim.Process - unit: unit | BC:BC3000AC60
2024-02-22 14:08:58.456 [main]            INFO  c.a.p.process.processSim.Process - unit: unit | BC:BC3100AC62
2024-02-22 14:08:58.456 [main]            INFO  c.a.p.process.processSim.Process - unit: unit | BC:BC3200AC64
2024-02-22 14:08:58.456 [main]            INFO  c.a.p.process.processSim.Process - unit: unit | BC:BC3300AC66
2024-02-22 14:08:58.456 [main]            INFO  c.a.p.process.processSim.Process - unit: unit | BC:BC3400AC68
2024-02-22 14:08:58.456 [main]            INFO  c.a.p.process.processSim.Process - unit: unit | BC:BC3500AC70
2024-02-22 14:08:58.456 [main]            INFO  c.a.p.process.processSim.Process - unit: unit | BC:BC3600AC72
2024-02-22 14:08:58.456 [main]            INFO  c.a.p.process.processSim.Process - unit: unit | BC:BC3700AC74
2024-02-22 14:08:58.456 [main]            INFO  c.a.p.process.processSim.Process - unit: unit | BC:BC3800AC76
2024-02-22 14:08:58.456 [main]            INFO  c.a.p.process.processSim.Process - unit: unit | BC:BC3900AC78
2024-02-22 14:08:58.457 [main]            INFO  c.a.p.p.c.GeneralController - Controller up
2024-02-22 14:08:58.947 [main]            INFO  o.s.b.a.e.w.EndpointLinksResolver - Exposing 1 endpoint(s) beneath base path '/actuator'
2024-02-22 14:08:59.322 [main]            INFO  c.a.p.p.ProcessApplicationTests - Started ProcessApplicationTests in 2.499 seconds (process running for 3.703)
2024-02-22 14:17:28.291 [main]            INFO  o.s.t.c.s.AnnotationConfigContextLoaderUtils - Could not detect default configuration classes for test class [com.amsort.processSim.process.ProcessApplicationTests]: ProcessApplicationTests does not declare any static, non-private, non-final, nested classes annotated with @Configuration.
2024-02-22 14:17:28.443 [main]            INFO  o.s.b.t.c.SpringBootTestContextBootstrapper - Found @SpringBootConfiguration com.amsort.processSim.process.ProcessApplication for test class com.amsort.processSim.process.ProcessApplicationTests
2024-02-22 14:17:28.869 [main]            INFO  c.a.p.p.ProcessApplicationTests - Starting ProcessApplicationTests using Java 17.0.9 with PID 13216 (started by JakubKusza in C:\workData\projects\work\java\projekty\processSim\process)
2024-02-22 14:17:28.871 [main]            INFO  c.a.p.p.ProcessApplicationTests - No active profile set, falling back to 1 default profile: "default"
2024-02-22 14:17:30.285 [main]            INFO  c.a.p.process.processSim.Process - unit: unit | BC:BC0AC0
2024-02-22 14:17:30.286 [main]            INFO  c.a.p.process.processSim.Process - unit: unit | BC:BC100AC2
2024-02-22 14:17:30.286 [main]            INFO  c.a.p.process.processSim.Process - unit: unit | BC:BC200AC4
2024-02-22 14:17:30.286 [main]            INFO  c.a.p.process.processSim.Process - unit: unit | BC:BC300AC6
2024-02-22 14:17:30.286 [main]            INFO  c.a.p.process.processSim.Process - unit: unit | BC:BC400AC8
2024-02-22 14:17:30.286 [main]            INFO  c.a.p.process.processSim.Process - unit: unit | BC:BC500AC10
2024-02-22 14:17:30.286 [main]            INFO  c.a.p.process.processSim.Process - unit: unit | BC:BC600AC12
2024-02-22 14:17:30.286 [main]            INFO  c.a.p.process.processSim.Process - unit: unit | BC:BC700AC14
2024-02-22 14:17:30.287 [main]            INFO  c.a.p.process.processSim.Process - unit: unit | BC:BC800AC16
2024-02-22 14:17:30.287 [main]            INFO  c.a.p.process.processSim.Process - unit: unit | BC:BC900AC18
2024-02-22 14:17:30.287 [main]            INFO  c.a.p.process.processSim.Process - unit: unit | BC:BC1000AC20
2024-02-22 14:17:30.287 [main]            INFO  c.a.p.process.processSim.Process - unit: unit | BC:BC1100AC22
2024-02-22 14:17:30.287 [main]            INFO  c.a.p.process.processSim.Process - unit: unit | BC:BC1200AC24
2024-02-22 14:17:30.287 [main]            INFO  c.a.p.process.processSim.Process - unit: unit | BC:BC1300AC26
2024-02-22 14:17:30.287 [main]            INFO  c.a.p.process.processSim.Process - unit: unit | BC:BC1400AC28
2024-02-22 14:17:30.287 [main]            INFO  c.a.p.process.processSim.Process - unit: unit | BC:BC1500AC30
2024-02-22 14:17:30.287 [main]            INFO  c.a.p.process.processSim.Process - unit: unit | BC:BC1600AC32
2024-02-22 14:17:30.287 [main]            INFO  c.a.p.process.processSim.Process - unit: unit | BC:BC1700AC34
2024-02-22 14:17:30.287 [main]            INFO  c.a.p.process.processSim.Process - unit: unit | BC:BC1800AC36
2024-02-22 14:17:30.287 [main]            INFO  c.a.p.process.processSim.Process - unit: unit | BC:BC1900AC38
2024-02-22 14:17:30.287 [main]            INFO  c.a.p.process.processSim.Process - unit: unit | BC:BC2000AC40
2024-02-22 14:17:30.287 [main]            INFO  c.a.p.process.processSim.Process - unit: unit | BC:BC2100AC42
2024-02-22 14:17:30.287 [main]            INFO  c.a.p.process.processSim.Process - unit: unit | BC:BC2200AC44
2024-02-22 14:17:30.287 [main]            INFO  c.a.p.process.processSim.Process - unit: unit | BC:BC2300AC46
2024-02-22 14:17:30.287 [main]            INFO  c.a.p.process.processSim.Process - unit: unit | BC:BC2400AC48
2024-02-22 14:17:30.288 [main]            INFO  c.a.p.process.processSim.Process - unit: unit | BC:BC2500AC50
2024-02-22 14:17:30.288 [main]            INFO  c.a.p.process.processSim.Process - unit: unit | BC:BC2600AC52
2024-02-22 14:17:30.288 [main]            INFO  c.a.p.process.processSim.Process - unit: unit | BC:BC2700AC54
2024-02-22 14:17:30.288 [main]            INFO  c.a.p.process.processSim.Process - unit: unit | BC:BC2800AC56
2024-02-22 14:17:30.288 [main]            INFO  c.a.p.process.processSim.Process - unit: unit | BC:BC2900AC58
2024-02-22 14:17:30.288 [main]            INFO  c.a.p.process.processSim.Process - unit: unit | BC:BC3000AC60
2024-02-22 14:17:30.288 [main]            INFO  c.a.p.process.processSim.Process - unit: unit | BC:BC3100AC62
2024-02-22 14:17:30.288 [main]            INFO  c.a.p.process.processSim.Process - unit: unit | BC:BC3200AC64
2024-02-22 14:17:30.288 [main]            INFO  c.a.p.process.processSim.Process - unit: unit | BC:BC3300AC66
2024-02-22 14:17:30.288 [main]            INFO  c.a.p.process.processSim.Process - unit: unit | BC:BC3400AC68
2024-02-22 14:17:30.289 [main]            INFO  c.a.p.process.processSim.Process - unit: unit | BC:BC3500AC70
2024-02-22 14:17:30.289 [main]            INFO  c.a.p.process.processSim.Process - unit: unit | BC:BC3600AC72
2024-02-22 14:17:30.289 [main]            INFO  c.a.p.process.processSim.Process - unit: unit | BC:BC3700AC74
2024-02-22 14:17:30.289 [main]            INFO  c.a.p.process.processSim.Process - unit: unit | BC:BC3800AC76
2024-02-22 14:17:30.289 [main]            INFO  c.a.p.process.processSim.Process - unit: unit | BC:BC3900AC78
2024-02-22 14:17:30.289 [main]            INFO  c.a.p.p.c.GeneralController - Controller up
2024-02-22 14:17:30.727 [main]            INFO  o.s.b.a.e.w.EndpointLinksResolver - Exposing 1 endpoint(s) beneath base path '/actuator'
2024-02-22 14:17:31.087 [main]            INFO  c.a.p.p.ProcessApplicationTests - Started ProcessApplicationTests in 2.444 seconds (process running for 3.688)
2024-02-22 14:22:25.764 [main]            INFO  o.s.t.c.s.AnnotationConfigContextLoaderUtils - Could not detect default configuration classes for test class [com.amsort.processSim.process.ProcessApplicationTests]: ProcessApplicationTests does not declare any static, non-private, non-final, nested classes annotated with @Configuration.
2024-02-22 14:22:25.907 [main]            INFO  o.s.b.t.c.SpringBootTestContextBootstrapper - Found @SpringBootConfiguration com.amsort.processSim.process.ProcessApplication for test class com.amsort.processSim.process.ProcessApplicationTests
2024-02-22 14:22:26.362 [main]            INFO  c.a.p.p.ProcessApplicationTests - Starting ProcessApplicationTests using Java 17.0.9 with PID 10868 (started by JakubKusza in C:\workData\projects\work\java\projekty\processSim\process)
2024-02-22 14:22:26.363 [main]            INFO  c.a.p.p.ProcessApplicationTests - No active profile set, falling back to 1 default profile: "default"
2024-02-22 14:22:27.847 [main]            INFO  c.a.p.process.processSim.Process - unit: unit | BC:BC0AC0
2024-02-22 14:22:27.851 [main]            INFO  c.a.p.process.processSim.Process - unit: unit | BC:BC100AC2
2024-02-22 14:22:27.851 [main]            INFO  c.a.p.process.processSim.Process - unit: unit | BC:BC200AC4
2024-02-22 14:22:27.851 [main]            INFO  c.a.p.process.processSim.Process - unit: unit | BC:BC300AC6
2024-02-22 14:22:27.851 [main]            INFO  c.a.p.p.c.GeneralController - Controller up
2024-02-22 14:22:28.248 [main]            INFO  o.s.b.a.e.w.EndpointLinksResolver - Exposing 1 endpoint(s) beneath base path '/actuator'
2024-02-22 14:22:28.698 [main]            INFO  c.a.p.p.ProcessApplicationTests - Started ProcessApplicationTests in 2.578 seconds (process running for 3.802)
2024-02-22 14:54:30.628 [main]            INFO  o.s.t.c.s.AnnotationConfigContextLoaderUtils - Could not detect default configuration classes for test class [com.amsort.processSim.process.ProcessApplicationTests]: ProcessApplicationTests does not declare any static, non-private, non-final, nested classes annotated with @Configuration.
2024-02-22 14:54:30.834 [main]            INFO  o.s.b.t.c.SpringBootTestContextBootstrapper - Found @SpringBootConfiguration com.amsort.processSim.process.ProcessApplication for test class com.amsort.processSim.process.ProcessApplicationTests
2024-02-22 14:54:31.253 [main]            INFO  c.a.p.p.ProcessApplicationTests - Starting ProcessApplicationTests using Java 17.0.9 with PID 19072 (started by JakubKusza in C:\workData\projects\work\java\projekty\processSim\process)
2024-02-22 14:54:31.254 [main]            INFO  c.a.p.p.ProcessApplicationTests - No active profile set, falling back to 1 default profile: "default"
2024-02-22 14:54:32.631 [main]            INFO  c.a.p.p.c.GeneralController - Controller up
2024-02-22 14:54:32.995 [main]            INFO  o.s.b.a.e.w.EndpointLinksResolver - Exposing 1 endpoint(s) beneath base path '/actuator'
2024-02-22 14:54:33.356 [main]            INFO  c.a.p.p.ProcessApplicationTests - Started ProcessApplicationTests in 2.329 seconds (process running for 3.646)
