2024-02-20 13:57:15.460 [main]            INFO  o.s.t.c.s.AnnotationConfigContextLoaderUtils - Could not detect default configuration classes for test class [com.amsort.processSim.process.ProcessApplicationTests]: ProcessApplicationTests does not declare any static, non-private, non-final, nested classes annotated with @Configuration.
2024-02-20 13:57:15.667 [main]            INFO  o.s.b.t.c.SpringBootTestContextBootstrapper - Found @SpringBootConfiguration com.amsort.processSim.process.ProcessApplication for test class com.amsort.processSim.process.ProcessApplicationTests
2024-02-20 13:57:16.128 [main]            INFO  c.a.p.p.ProcessApplicationTests - Starting ProcessApplicationTests using Java 17.0.9 with PID 21452 (started by JakubKusza in C:\workData\projects\work\java\projekty\processSim\process)
2024-02-20 13:57:16.129 [main]            INFO  c.a.p.p.ProcessApplicationTests - No active profile set, falling back to 1 default profile: "default"
2024-02-20 13:57:18.055 [main]            INFO  c.a.p.p.c.GeneralController - Controller up
2024-02-20 13:57:18.166 [Thread-6]        INFO  c.a.p.p.m.b.TransportUnitInboundImpl - next unit enter sim
2024-02-20 13:57:18.601 [main]            INFO  o.s.b.a.e.w.EndpointLinksResolver - Exposing 1 endpoint(s) beneath base path '/actuator'
2024-02-20 13:57:18.925 [main]            INFO  c.a.p.p.ProcessApplicationTests - Started ProcessApplicationTests in 3.068 seconds (process running for 4.688)
2024-02-20 14:14:36.876 [main]            INFO  o.s.t.c.s.AnnotationConfigContextLoaderUtils - Could not detect default configuration classes for test class [com.amsort.processSim.process.ProcessApplicationTests]: ProcessApplicationTests does not declare any static, non-private, non-final, nested classes annotated with @Configuration.
2024-02-20 14:14:37.037 [main]            INFO  o.s.b.t.c.SpringBootTestContextBootstrapper - Found @SpringBootConfiguration com.amsort.processSim.process.ProcessApplication for test class com.amsort.processSim.process.ProcessApplicationTests
2024-02-20 14:14:37.541 [main]            INFO  c.a.p.p.ProcessApplicationTests - Starting ProcessApplicationTests using Java 17.0.9 with PID 25536 (started by JakubKusza in C:\workData\projects\work\java\projekty\processSim\process)
2024-02-20 14:14:37.543 [main]            INFO  c.a.p.p.ProcessApplicationTests - No active profile set, falling back to 1 default profile: "default"
2024-02-20 14:14:38.982 [main]            INFO  c.a.p.p.c.GeneralController - Controller up
2024-02-20 14:14:39.050 [Thread-6]        INFO  c.a.p.p.m.b.TransportUnitInboundImpl - next unit enter sim
2024-02-20 14:14:39.051 [Thread-6]        INFO  c.a.p.p.p.SimulationDispatcherImpl - Scheduling new action
2024-02-20 14:14:39.494 [main]            INFO  o.s.b.a.e.w.EndpointLinksResolver - Exposing 1 endpoint(s) beneath base path '/actuator'
2024-02-20 14:14:39.818 [main]            INFO  c.a.p.p.ProcessApplicationTests - Started ProcessApplicationTests in 2.537 seconds (process running for 3.846)
2024-02-20 14:16:26.457 [main]            INFO  o.s.t.c.s.AnnotationConfigContextLoaderUtils - Could not detect default configuration classes for test class [com.amsort.processSim.process.ProcessApplicationTests]: ProcessApplicationTests does not declare any static, non-private, non-final, nested classes annotated with @Configuration.
2024-02-20 14:16:26.624 [main]            INFO  o.s.b.t.c.SpringBootTestContextBootstrapper - Found @SpringBootConfiguration com.amsort.processSim.process.ProcessApplication for test class com.amsort.processSim.process.ProcessApplicationTests
2024-02-20 14:16:27.076 [main]            INFO  c.a.p.p.ProcessApplicationTests - Starting ProcessApplicationTests using Java 17.0.9 with PID 4700 (started by JakubKusza in C:\workData\projects\work\java\projekty\processSim\process)
2024-02-20 14:16:27.079 [main]            INFO  c.a.p.p.ProcessApplicationTests - No active profile set, falling back to 1 default profile: "default"
2024-02-20 14:16:28.437 [main]            INFO  c.a.p.p.c.GeneralController - Controller up
2024-02-20 14:16:28.502 [Thread-6]        INFO  c.a.p.p.m.b.TransportUnitInboundImpl - next unit enter sim
2024-02-20 14:16:28.503 [Thread-6]        INFO  c.a.p.p.p.SimulationDispatcherImpl - Scheduling new action
2024-02-20 14:16:28.624 [Thread-2]        INFO  c.a.p.p.p.SimulationDispatcherImpl - unit at next point 1
2024-02-20 14:16:28.905 [main]            INFO  o.s.b.a.e.w.EndpointLinksResolver - Exposing 1 endpoint(s) beneath base path '/actuator'
2024-02-20 14:16:29.216 [main]            INFO  c.a.p.p.ProcessApplicationTests - Started ProcessApplicationTests in 2.37 seconds (process running for 3.734)
2024-02-20 14:19:25.919 [main]            INFO  o.s.t.c.s.AnnotationConfigContextLoaderUtils - Could not detect default configuration classes for test class [com.amsort.processSim.process.ProcessApplicationTests]: ProcessApplicationTests does not declare any static, non-private, non-final, nested classes annotated with @Configuration.
2024-02-20 14:19:26.070 [main]            INFO  o.s.b.t.c.SpringBootTestContextBootstrapper - Found @SpringBootConfiguration com.amsort.processSim.process.ProcessApplication for test class com.amsort.processSim.process.ProcessApplicationTests
2024-02-20 14:19:26.599 [main]            INFO  c.a.p.p.ProcessApplicationTests - Starting ProcessApplicationTests using Java 17.0.9 with PID 21272 (started by JakubKusza in C:\workData\projects\work\java\projekty\processSim\process)
2024-02-20 14:19:26.600 [main]            INFO  c.a.p.p.ProcessApplicationTests - No active profile set, falling back to 1 default profile: "default"
2024-02-20 14:19:28.337 [main]            INFO  c.a.p.p.c.GeneralController - Controller up
2024-02-20 14:19:28.416 [Thread-6]        INFO  c.a.p.p.m.b.TransportUnitInboundImpl - next unit enter sim
2024-02-20 14:19:28.417 [Thread-6]        INFO  c.a.p.p.p.SimulationDispatcherImpl - Scheduling new action
2024-02-20 14:19:28.535 [Thread-2]        INFO  c.a.p.p.p.SimulationDispatcherImpl - unit at next point 1
2024-02-20 14:19:28.854 [main]            INFO  o.s.b.a.e.w.EndpointLinksResolver - Exposing 1 endpoint(s) beneath base path '/actuator'
2024-02-20 14:19:29.182 [main]            INFO  c.a.p.p.ProcessApplicationTests - Started ProcessApplicationTests in 2.862 seconds (process running for 4.237)
2024-02-20 14:26:03.354 [main]            INFO  o.s.t.c.s.AnnotationConfigContextLoaderUtils - Could not detect default configuration classes for test class [com.amsort.processSim.process.ProcessApplicationTests]: ProcessApplicationTests does not declare any static, non-private, non-final, nested classes annotated with @Configuration.
2024-02-20 14:26:03.518 [main]            INFO  o.s.b.t.c.SpringBootTestContextBootstrapper - Found @SpringBootConfiguration com.amsort.processSim.process.ProcessApplication for test class com.amsort.processSim.process.ProcessApplicationTests
2024-02-20 14:26:03.986 [main]            INFO  c.a.p.p.ProcessApplicationTests - Starting ProcessApplicationTests using Java 17.0.9 with PID 1164 (started by JakubKusza in C:\workData\projects\work\java\projekty\processSim\process)
2024-02-20 14:26:03.987 [main]            INFO  c.a.p.p.ProcessApplicationTests - No active profile set, falling back to 1 default profile: "default"
2024-02-20 14:26:05.415 [main]            INFO  c.a.p.p.c.GeneralController - Controller up
2024-02-20 14:26:05.480 [Thread-6]        INFO  c.a.p.p.m.b.TransportUnitInboundImpl - next unit enter sim
2024-02-20 14:26:05.481 [Thread-6]        INFO  c.a.p.p.p.SimulationDispatcherImpl - Scheduling new action
2024-02-20 14:26:05.482 [Thread-6]        INFO  c.a.p.p.m.b.TransportUnitInboundImpl - next unit enter sim
2024-02-20 14:26:05.482 [Thread-6]        INFO  c.a.p.p.p.SimulationDispatcherImpl - Scheduling new action
2024-02-20 14:26:05.482 [Thread-6]        INFO  c.a.p.p.m.b.TransportUnitInboundImpl - next unit enter sim
2024-02-20 14:26:05.482 [Thread-6]        INFO  c.a.p.p.p.SimulationDispatcherImpl - Scheduling new action
2024-02-20 14:26:05.482 [Thread-6]        INFO  c.a.p.p.m.b.TransportUnitInboundImpl - next unit enter sim
2024-02-20 14:26:05.482 [Thread-6]        INFO  c.a.p.p.p.SimulationDispatcherImpl - Scheduling new action
2024-02-20 14:26:05.482 [Thread-6]        INFO  c.a.p.p.m.b.TransportUnitInboundImpl - next unit enter sim
2024-02-20 14:26:05.480 [Thread-2]        INFO  c.a.p.p.p.SimulationDispatcherImpl - Actions Awaiting 0
2024-02-20 14:26:05.482 [Thread-6]        INFO  c.a.p.p.p.SimulationDispatcherImpl - Scheduling new action
2024-02-20 14:26:05.483 [Thread-6]        INFO  c.a.p.p.m.b.TransportUnitInboundImpl - next unit enter sim
2024-02-20 14:26:05.483 [Thread-2]        INFO  c.a.p.p.p.SimulationDispatcherImpl - action 3000 | 2000
2024-02-20 14:26:05.483 [Thread-6]        INFO  c.a.p.p.p.SimulationDispatcherImpl - Scheduling new action
2024-02-20 14:26:05.483 [Thread-6]        INFO  c.a.p.p.m.b.TransportUnitInboundImpl - next unit enter sim
2024-02-20 14:26:05.483 [Thread-6]        INFO  c.a.p.p.p.SimulationDispatcherImpl - Scheduling new action
2024-02-20 14:26:05.483 [Thread-6]        INFO  c.a.p.p.m.b.TransportUnitInboundImpl - next unit enter sim
2024-02-20 14:26:05.483 [Thread-6]        INFO  c.a.p.p.p.SimulationDispatcherImpl - Scheduling new action
2024-02-20 14:26:05.483 [Thread-6]        INFO  c.a.p.p.m.b.TransportUnitInboundImpl - next unit enter sim
2024-02-20 14:26:05.483 [Thread-6]        INFO  c.a.p.p.p.SimulationDispatcherImpl - Scheduling new action
2024-02-20 14:26:05.483 [Thread-6]        INFO  c.a.p.p.m.b.TransportUnitInboundImpl - next unit enter sim
2024-02-20 14:26:05.484 [Thread-6]        INFO  c.a.p.p.p.SimulationDispatcherImpl - Scheduling new action
2024-02-20 14:26:05.484 [Thread-6]        INFO  c.a.p.p.m.b.TransportUnitInboundImpl - next unit enter sim
2024-02-20 14:26:05.484 [Thread-6]        INFO  c.a.p.p.p.SimulationDispatcherImpl - Scheduling new action
2024-02-20 14:26:05.484 [Thread-6]        INFO  c.a.p.p.m.b.TransportUnitInboundImpl - next unit enter sim
2024-02-20 14:26:05.484 [Thread-6]        INFO  c.a.p.p.p.SimulationDispatcherImpl - Scheduling new action
2024-02-20 14:26:05.484 [Thread-6]        INFO  c.a.p.p.m.b.TransportUnitInboundImpl - next unit enter sim
2024-02-20 14:26:05.484 [Thread-6]        INFO  c.a.p.p.p.SimulationDispatcherImpl - Scheduling new action
2024-02-20 14:26:05.484 [Thread-6]        INFO  c.a.p.p.m.b.TransportUnitInboundImpl - next unit enter sim
2024-02-20 14:26:05.484 [Thread-6]        INFO  c.a.p.p.p.SimulationDispatcherImpl - Scheduling new action
2024-02-20 14:26:05.485 [Thread-6]        INFO  c.a.p.p.m.b.TransportUnitInboundImpl - next unit enter sim
2024-02-20 14:26:05.485 [Thread-6]        INFO  c.a.p.p.p.SimulationDispatcherImpl - Scheduling new action
2024-02-20 14:26:05.485 [Thread-6]        INFO  c.a.p.p.m.b.TransportUnitInboundImpl - next unit enter sim
2024-02-20 14:26:05.485 [Thread-6]        INFO  c.a.p.p.p.SimulationDispatcherImpl - Scheduling new action
2024-02-20 14:26:05.485 [Thread-6]        INFO  c.a.p.p.m.b.TransportUnitInboundImpl - next unit enter sim
2024-02-20 14:26:05.485 [Thread-6]        INFO  c.a.p.p.p.SimulationDispatcherImpl - Scheduling new action
2024-02-20 14:26:05.485 [Thread-6]        INFO  c.a.p.p.m.b.TransportUnitInboundImpl - next unit enter sim
2024-02-20 14:26:05.485 [Thread-6]        INFO  c.a.p.p.p.SimulationDispatcherImpl - Scheduling new action
2024-02-20 14:26:05.486 [Thread-6]        INFO  c.a.p.p.m.b.TransportUnitInboundImpl - next unit enter sim
2024-02-20 14:26:05.486 [Thread-6]        INFO  c.a.p.p.p.SimulationDispatcherImpl - Scheduling new action
2024-02-20 14:26:05.486 [Thread-6]        INFO  c.a.p.p.m.b.TransportUnitInboundImpl - next unit enter sim
2024-02-20 14:26:05.486 [Thread-6]        INFO  c.a.p.p.p.SimulationDispatcherImpl - Scheduling new action
2024-02-20 14:26:05.492 [Thread-2]        INFO  c.a.p.p.p.SimulationDispatcherImpl - unit at next point 1
2024-02-20 14:26:05.492 [Thread-2]        INFO  c.a.p.p.p.SimulationDispatcherImpl - action 3000 | 2000
2024-02-20 14:26:05.492 [Thread-2]        INFO  c.a.p.p.p.SimulationDispatcherImpl - unit at next point 1
2024-02-20 14:26:05.493 [Thread-2]        INFO  c.a.p.p.p.SimulationDispatcherImpl - action 3000 | 2000
2024-02-20 14:26:05.493 [Thread-2]        INFO  c.a.p.p.p.SimulationDispatcherImpl - unit at next point 1
2024-02-20 14:26:05.493 [Thread-2]        INFO  c.a.p.p.p.SimulationDispatcherImpl - action 3000 | 2000
2024-02-20 14:26:05.493 [Thread-2]        INFO  c.a.p.p.p.SimulationDispatcherImpl - unit at next point 1
2024-02-20 14:26:05.903 [main]            INFO  o.s.b.a.e.w.EndpointLinksResolver - Exposing 1 endpoint(s) beneath base path '/actuator'
2024-02-20 14:26:06.214 [main]            INFO  c.a.p.p.ProcessApplicationTests - Started ProcessApplicationTests in 2.487 seconds (process running for 4.034)
2024-02-20 14:26:06.500 [Thread-2]        INFO  c.a.p.p.p.SimulationDispatcherImpl - Actions Awaiting 16
2024-02-20 14:26:06.501 [Thread-2]        INFO  c.a.p.p.p.SimulationDispatcherImpl - action 3000 | 2000
2024-02-20 14:26:06.502 [Thread-2]        INFO  c.a.p.p.p.SimulationDispatcherImpl - unit at next point 1
2024-02-20 14:26:06.503 [Thread-2]        INFO  c.a.p.p.p.SimulationDispatcherImpl - action 3000 | 2000
2024-02-20 14:26:06.504 [Thread-2]        INFO  c.a.p.p.p.SimulationDispatcherImpl - unit at next point 1
2024-02-20 14:26:06.505 [Thread-2]        INFO  c.a.p.p.p.SimulationDispatcherImpl - action 3000 | 2000
2024-02-20 14:26:06.506 [Thread-2]        INFO  c.a.p.p.p.SimulationDispatcherImpl - unit at next point 1
2024-02-20 14:26:06.507 [Thread-2]        INFO  c.a.p.p.p.SimulationDispatcherImpl - action 3000 | 2000
2024-02-20 14:26:06.508 [Thread-2]        INFO  c.a.p.p.p.SimulationDispatcherImpl - unit at next point 1
2024-02-20 14:26:06.509 [Thread-2]        INFO  c.a.p.p.p.SimulationDispatcherImpl - action 3000 | 2000
2024-02-20 14:26:06.509 [Thread-2]        INFO  c.a.p.p.p.SimulationDispatcherImpl - unit at next point 1
2024-02-20 14:26:06.509 [Thread-2]        INFO  c.a.p.p.p.SimulationDispatcherImpl - action 3000 | 2000
2024-02-20 14:26:06.511 [Thread-2]        INFO  c.a.p.p.p.SimulationDispatcherImpl - unit at next point 1
2024-02-20 14:26:06.511 [Thread-2]        INFO  c.a.p.p.p.SimulationDispatcherImpl - action 3000 | 2000
2024-02-20 14:26:06.511 [Thread-2]        INFO  c.a.p.p.p.SimulationDispatcherImpl - unit at next point 1
2024-02-20 14:26:06.511 [Thread-2]        INFO  c.a.p.p.p.SimulationDispatcherImpl - action 3000 | 2000
2024-02-20 14:26:06.512 [Thread-2]        INFO  c.a.p.p.p.SimulationDispatcherImpl - unit at next point 1
2024-02-20 14:26:06.512 [Thread-2]        INFO  c.a.p.p.p.SimulationDispatcherImpl - action 3000 | 2000
2024-02-20 14:26:06.513 [Thread-2]        INFO  c.a.p.p.p.SimulationDispatcherImpl - unit at next point 1
2024-02-20 14:26:06.513 [Thread-2]        INFO  c.a.p.p.p.SimulationDispatcherImpl - action 3000 | 2000
2024-02-20 14:26:06.513 [Thread-2]        INFO  c.a.p.p.p.SimulationDispatcherImpl - unit at next point 1
2024-02-20 14:26:06.513 [Thread-2]        INFO  c.a.p.p.p.SimulationDispatcherImpl - action 3000 | 2000
2024-02-20 14:26:06.514 [Thread-2]        INFO  c.a.p.p.p.SimulationDispatcherImpl - unit at next point 1
2024-02-20 14:26:06.514 [Thread-2]        INFO  c.a.p.p.p.SimulationDispatcherImpl - action 3000 | 2000
2024-02-20 14:26:06.514 [Thread-2]        INFO  c.a.p.p.p.SimulationDispatcherImpl - unit at next point 1
2024-02-20 14:26:06.515 [Thread-2]        INFO  c.a.p.p.p.SimulationDispatcherImpl - action 3000 | 2000
2024-02-20 14:26:06.516 [Thread-2]        INFO  c.a.p.p.p.SimulationDispatcherImpl - unit at next point 1
2024-02-20 14:26:06.516 [Thread-2]        INFO  c.a.p.p.p.SimulationDispatcherImpl - action 3000 | 2000
2024-02-20 14:26:06.518 [Thread-2]        INFO  c.a.p.p.p.SimulationDispatcherImpl - unit at next point 1
2024-02-20 14:26:06.518 [Thread-2]        INFO  c.a.p.p.p.SimulationDispatcherImpl - action 3000 | 2000
2024-02-20 14:26:06.519 [Thread-2]        INFO  c.a.p.p.p.SimulationDispatcherImpl - unit at next point 1
2024-02-20 14:26:06.519 [Thread-2]        INFO  c.a.p.p.p.SimulationDispatcherImpl - action 3000 | 2000
2024-02-20 14:26:06.519 [Thread-2]        INFO  c.a.p.p.p.SimulationDispatcherImpl - unit at next point 1
2024-02-20 14:32:52.935 [main]            INFO  o.s.t.c.s.AnnotationConfigContextLoaderUtils - Could not detect default configuration classes for test class [com.amsort.processSim.process.ProcessApplicationTests]: ProcessApplicationTests does not declare any static, non-private, non-final, nested classes annotated with @Configuration.
2024-02-20 14:32:53.136 [main]            INFO  o.s.b.t.c.SpringBootTestContextBootstrapper - Found @SpringBootConfiguration com.amsort.processSim.process.ProcessApplication for test class com.amsort.processSim.process.ProcessApplicationTests
2024-02-20 14:32:53.652 [main]            INFO  c.a.p.p.ProcessApplicationTests - Starting ProcessApplicationTests using Java 17.0.9 with PID 10448 (started by JakubKusza in C:\workData\projects\work\java\projekty\processSim\process)
2024-02-20 14:32:53.654 [main]            INFO  c.a.p.p.ProcessApplicationTests - No active profile set, falling back to 1 default profile: "default"
2024-02-20 14:32:55.176 [main]            INFO  c.a.p.p.c.GeneralController - Controller up
2024-02-20 14:32:55.582 [main]            INFO  o.s.b.a.e.w.EndpointLinksResolver - Exposing 1 endpoint(s) beneath base path '/actuator'
2024-02-20 14:32:56.091 [main]            INFO  c.a.p.p.ProcessApplicationTests - Started ProcessApplicationTests in 2.726 seconds (process running for 4.113)
2024-02-20 14:35:01.644 [main]            INFO  o.s.t.c.s.AnnotationConfigContextLoaderUtils - Could not detect default configuration classes for test class [com.amsort.processSim.process.ProcessApplicationTests]: ProcessApplicationTests does not declare any static, non-private, non-final, nested classes annotated with @Configuration.
2024-02-20 14:35:01.770 [main]            INFO  o.s.b.t.c.SpringBootTestContextBootstrapper - Found @SpringBootConfiguration com.amsort.processSim.process.ProcessApplication for test class com.amsort.processSim.process.ProcessApplicationTests
2024-02-20 14:35:02.218 [main]            INFO  c.a.p.p.ProcessApplicationTests - Starting ProcessApplicationTests using Java 17.0.9 with PID 12084 (started by JakubKusza in C:\workData\projects\work\java\projekty\processSim\process)
2024-02-20 14:35:02.219 [main]            INFO  c.a.p.p.ProcessApplicationTests - No active profile set, falling back to 1 default profile: "default"
2024-02-20 14:35:03.616 [main]            INFO  c.a.p.p.c.GeneralController - Controller up
2024-02-20 14:35:03.965 [main]            INFO  o.s.b.a.e.w.EndpointLinksResolver - Exposing 1 endpoint(s) beneath base path '/actuator'
2024-02-20 14:35:04.262 [main]            INFO  c.a.p.p.ProcessApplicationTests - Started ProcessApplicationTests in 2.268 seconds (process running for 3.462)
2024-02-20 14:38:20.143 [main]            INFO  o.s.t.c.s.AnnotationConfigContextLoaderUtils - Could not detect default configuration classes for test class [com.amsort.processSim.process.ProcessApplicationTests]: ProcessApplicationTests does not declare any static, non-private, non-final, nested classes annotated with @Configuration.
2024-02-20 14:38:20.291 [main]            INFO  o.s.b.t.c.SpringBootTestContextBootstrapper - Found @SpringBootConfiguration com.amsort.processSim.process.ProcessApplication for test class com.amsort.processSim.process.ProcessApplicationTests
2024-02-20 14:38:20.737 [main]            INFO  c.a.p.p.ProcessApplicationTests - Starting ProcessApplicationTests using Java 17.0.9 with PID 19624 (started by JakubKusza in C:\workData\projects\work\java\projekty\processSim\process)
2024-02-20 14:38:20.738 [main]            INFO  c.a.p.p.ProcessApplicationTests - No active profile set, falling back to 1 default profile: "default"
2024-02-20 14:38:22.212 [main]            INFO  c.a.p.p.c.GeneralController - Controller up
2024-02-20 14:38:22.590 [main]            INFO  o.s.b.a.e.w.EndpointLinksResolver - Exposing 1 endpoint(s) beneath base path '/actuator'
2024-02-20 14:38:22.919 [main]            INFO  c.a.p.p.ProcessApplicationTests - Started ProcessApplicationTests in 2.422 seconds (process running for 3.645)
2024-02-20 14:42:12.593 [main]            INFO  o.s.t.c.s.AnnotationConfigContextLoaderUtils - Could not detect default configuration classes for test class [com.amsort.processSim.process.ProcessApplicationTests]: ProcessApplicationTests does not declare any static, non-private, non-final, nested classes annotated with @Configuration.
2024-02-20 14:42:12.788 [main]            INFO  o.s.b.t.c.SpringBootTestContextBootstrapper - Found @SpringBootConfiguration com.amsort.processSim.process.ProcessApplication for test class com.amsort.processSim.process.ProcessApplicationTests
2024-02-20 14:42:13.205 [main]            INFO  c.a.p.p.ProcessApplicationTests - Starting ProcessApplicationTests using Java 17.0.9 with PID 1032 (started by JakubKusza in C:\workData\projects\work\java\projekty\processSim\process)
2024-02-20 14:42:13.207 [main]            INFO  c.a.p.p.ProcessApplicationTests - No active profile set, falling back to 1 default profile: "default"
2024-02-20 14:42:14.650 [main]            INFO  c.a.p.p.m.b.BaseCommunicationPoint - Subscribed - SK1
2024-02-20 14:42:14.655 [main]            INFO  c.a.p.p.m.b.BaseCommunicationPoint - Subscribed - SK2
2024-02-20 14:42:14.656 [main]            INFO  c.a.p.p.m.b.BaseCommunicationPoint - Subscribed - SK3
2024-02-20 14:42:14.659 [main]            INFO  c.a.p.p.c.GeneralController - Controller up
2024-02-20 14:42:15.035 [main]            INFO  o.s.b.a.e.w.EndpointLinksResolver - Exposing 1 endpoint(s) beneath base path '/actuator'
2024-02-20 14:42:15.309 [main]            INFO  c.a.p.p.ProcessApplicationTests - Started ProcessApplicationTests in 2.353 seconds (process running for 3.615)
2024-02-20 14:48:54.409 [main]            INFO  o.s.t.c.s.AnnotationConfigContextLoaderUtils - Could not detect default configuration classes for test class [com.amsort.processSim.process.ProcessApplicationTests]: ProcessApplicationTests does not declare any static, non-private, non-final, nested classes annotated with @Configuration.
2024-02-20 14:48:54.538 [main]            INFO  o.s.b.t.c.SpringBootTestContextBootstrapper - Found @SpringBootConfiguration com.amsort.processSim.process.ProcessApplication for test class com.amsort.processSim.process.ProcessApplicationTests
2024-02-20 14:48:54.925 [main]            INFO  c.a.p.p.ProcessApplicationTests - Starting ProcessApplicationTests using Java 17.0.9 with PID 23828 (started by JakubKusza in C:\workData\projects\work\java\projekty\processSim\process)
2024-02-20 14:48:54.926 [main]            INFO  c.a.p.p.ProcessApplicationTests - No active profile set, falling back to 1 default profile: "default"
2024-02-20 14:48:56.337 [main]            INFO  c.a.p.p.m.b.BaseCommunicationPoint - Subscribed - SK1
2024-02-20 14:48:56.343 [main]            INFO  c.a.p.p.m.b.BaseCommunicationPoint - Subscribed - SK2
2024-02-20 14:48:56.343 [main]            INFO  c.a.p.p.m.b.BaseCommunicationPoint - Subscribed - SK3
2024-02-20 14:48:56.346 [main]            INFO  c.a.p.p.c.GeneralController - Controller up
2024-02-20 14:48:56.706 [main]            INFO  o.s.b.a.e.w.EndpointLinksResolver - Exposing 1 endpoint(s) beneath base path '/actuator'
2024-02-20 14:48:56.991 [main]            INFO  c.a.p.p.ProcessApplicationTests - Started ProcessApplicationTests in 2.264 seconds (process running for 3.418)
2024-02-20 14:49:49.984 [main]            INFO  o.s.t.c.s.AnnotationConfigContextLoaderUtils - Could not detect default configuration classes for test class [com.amsort.processSim.process.ProcessApplicationTests]: ProcessApplicationTests does not declare any static, non-private, non-final, nested classes annotated with @Configuration.
2024-02-20 14:49:50.141 [main]            INFO  o.s.b.t.c.SpringBootTestContextBootstrapper - Found @SpringBootConfiguration com.amsort.processSim.process.ProcessApplication for test class com.amsort.processSim.process.ProcessApplicationTests
2024-02-20 14:49:50.543 [main]            INFO  c.a.p.p.ProcessApplicationTests - Starting ProcessApplicationTests using Java 17.0.9 with PID 27884 (started by JakubKusza in C:\workData\projects\work\java\projekty\processSim\process)
2024-02-20 14:49:50.544 [main]            INFO  c.a.p.p.ProcessApplicationTests - No active profile set, falling back to 1 default profile: "default"
2024-02-20 14:49:51.954 [main]            INFO  c.a.p.p.m.b.BaseCommunicationPoint - Subscribed - SK1
2024-02-20 14:49:51.961 [main]            INFO  c.a.p.p.m.b.BaseCommunicationPoint - Subscribed - SK2
2024-02-20 14:49:51.962 [main]            INFO  c.a.p.p.m.b.BaseCommunicationPoint - Subscribed - SK3
2024-02-20 14:49:51.967 [main]            INFO  c.a.p.p.c.GeneralController - Controller up
2024-02-20 14:49:52.373 [main]            INFO  o.s.b.a.e.w.EndpointLinksResolver - Exposing 1 endpoint(s) beneath base path '/actuator'
2024-02-20 14:49:52.704 [main]            INFO  c.a.p.p.ProcessApplicationTests - Started ProcessApplicationTests in 2.373 seconds (process running for 3.66)
